Performing C SOURCE FILE Test CMAKE_HAVE_LIBC_PTHREAD failed with the following output:
Change Dir: /home/taylon/Development/playground/glfw/rust/target/rls/debug/build/glfw-sys-a002202020b6af87/out/build/CMakeFiles/CMakeTmp

Run Build Command(s):/usr/bin/make cmTC_1c445/fast && /usr/bin/make  -f CMakeFiles/cmTC_1c445.dir/build.make CMakeFiles/cmTC_1c445.dir/build
make[1]: Entering directory '/home/taylon/Development/playground/glfw/rust/target/rls/debug/build/glfw-sys-a002202020b6af87/out/build/CMakeFiles/CMakeTmp'
Building C object CMakeFiles/cmTC_1c445.dir/src.c.o
/usr/bin/cc   -ffunction-sections -fdata-sections -fPIC -m64 -DCMAKE_HAVE_LIBC_PTHREAD -o CMakeFiles/cmTC_1c445.dir/src.c.o -c /home/taylon/Development/playground/glfw/rust/target/rls/debug/build/glfw-sys-a002202020b6af87/out/build/CMakeFiles/CMakeTmp/src.c
Linking C executable cmTC_1c445
/usr/bin/cmake -E cmake_link_script CMakeFiles/cmTC_1c445.dir/link.txt --verbose=1
/usr/bin/cc  -ffunction-sections -fdata-sections -fPIC -m64 -DCMAKE_HAVE_LIBC_PTHREAD -rdynamic CMakeFiles/cmTC_1c445.dir/src.c.o -o cmTC_1c445 
/usr/bin/ld: CMakeFiles/cmTC_1c445.dir/src.c.o: in function `main':
src.c:(.text.main+0x30): undefined reference to `pthread_create'
/usr/bin/ld: src.c:(.text.main+0x3c): undefined reference to `pthread_detach'
/usr/bin/ld: src.c:(.text.main+0x48): undefined reference to `pthread_cancel'
/usr/bin/ld: src.c:(.text.main+0x59): undefined reference to `pthread_join'
collect2: error: ld returned 1 exit status
make[1]: *** [CMakeFiles/cmTC_1c445.dir/build.make:106: cmTC_1c445] Error 1
make[1]: Leaving directory '/home/taylon/Development/playground/glfw/rust/target/rls/debug/build/glfw-sys-a002202020b6af87/out/build/CMakeFiles/CMakeTmp'
make: *** [Makefile:140: cmTC_1c445/fast] Error 2


Source file was:
#include <pthread.h>

void* test_func(void* data)
{
  return data;
}

int main(void)
{
  pthread_t thread;
  pthread_create(&thread, NULL, test_func, NULL);
  pthread_detach(thread);
  pthread_cancel(thread);
  pthread_join(thread, NULL);
  pthread_atfork(NULL, NULL, NULL);
  pthread_exit(NULL);

  return 0;
}

Determining if the function pthread_create exists in the pthreads failed with the following output:
Change Dir: /home/taylon/Development/playground/glfw/rust/target/rls/debug/build/glfw-sys-a002202020b6af87/out/build/CMakeFiles/CMakeTmp

Run Build Command(s):/usr/bin/make cmTC_3d18d/fast && /usr/bin/make  -f CMakeFiles/cmTC_3d18d.dir/build.make CMakeFiles/cmTC_3d18d.dir/build
make[1]: Entering directory '/home/taylon/Development/playground/glfw/rust/target/rls/debug/build/glfw-sys-a002202020b6af87/out/build/CMakeFiles/CMakeTmp'
Building C object CMakeFiles/cmTC_3d18d.dir/CheckFunctionExists.c.o
/usr/bin/cc   -ffunction-sections -fdata-sections -fPIC -m64 -DCHECK_FUNCTION_EXISTS=pthread_create -o CMakeFiles/cmTC_3d18d.dir/CheckFunctionExists.c.o -c /usr/share/cmake-3.18/Modules/CheckFunctionExists.c
Linking C executable cmTC_3d18d
/usr/bin/cmake -E cmake_link_script CMakeFiles/cmTC_3d18d.dir/link.txt --verbose=1
/usr/bin/cc  -ffunction-sections -fdata-sections -fPIC -m64 -DCHECK_FUNCTION_EXISTS=pthread_create -rdynamic CMakeFiles/cmTC_3d18d.dir/CheckFunctionExists.c.o -o cmTC_3d18d  -lpthreads 
/usr/bin/ld: cannot find -lpthreads
collect2: error: ld returned 1 exit status
make[1]: *** [CMakeFiles/cmTC_3d18d.dir/build.make:106: cmTC_3d18d] Error 1
make[1]: Leaving directory '/home/taylon/Development/playground/glfw/rust/target/rls/debug/build/glfw-sys-a002202020b6af87/out/build/CMakeFiles/CMakeTmp'
make: *** [Makefile:140: cmTC_3d18d/fast] Error 2



