Performing C SOURCE FILE Test CMAKE_HAVE_LIBC_PTHREAD failed with the following output:
Change Dir: /home/taylon/Development/playground/glfw/rust/target/debug/build/glfw-sys-6474486613d7eda4/out/build/CMakeFiles/CMakeTmp

Run Build Command(s):/usr/bin/make cmTC_dd5d8/fast && /usr/bin/make  -f CMakeFiles/cmTC_dd5d8.dir/build.make CMakeFiles/cmTC_dd5d8.dir/build
make[1]: Entering directory '/home/taylon/Development/playground/glfw/rust/target/debug/build/glfw-sys-6474486613d7eda4/out/build/CMakeFiles/CMakeTmp'
Building C object CMakeFiles/cmTC_dd5d8.dir/src.c.o
/usr/bin/cc   -ffunction-sections -fdata-sections -fPIC -m64 -DCMAKE_HAVE_LIBC_PTHREAD -o CMakeFiles/cmTC_dd5d8.dir/src.c.o -c /home/taylon/Development/playground/glfw/rust/target/debug/build/glfw-sys-6474486613d7eda4/out/build/CMakeFiles/CMakeTmp/src.c
Linking C executable cmTC_dd5d8
/usr/bin/cmake -E cmake_link_script CMakeFiles/cmTC_dd5d8.dir/link.txt --verbose=1
/usr/bin/cc  -ffunction-sections -fdata-sections -fPIC -m64 -DCMAKE_HAVE_LIBC_PTHREAD -rdynamic CMakeFiles/cmTC_dd5d8.dir/src.c.o -o cmTC_dd5d8 
/usr/bin/ld: CMakeFiles/cmTC_dd5d8.dir/src.c.o: in function `main':
src.c:(.text.main+0x30): undefined reference to `pthread_create'
/usr/bin/ld: src.c:(.text.main+0x3c): undefined reference to `pthread_detach'
/usr/bin/ld: src.c:(.text.main+0x48): undefined reference to `pthread_cancel'
/usr/bin/ld: src.c:(.text.main+0x59): undefined reference to `pthread_join'
collect2: error: ld returned 1 exit status
make[1]: *** [CMakeFiles/cmTC_dd5d8.dir/build.make:106: cmTC_dd5d8] Error 1
make[1]: Leaving directory '/home/taylon/Development/playground/glfw/rust/target/debug/build/glfw-sys-6474486613d7eda4/out/build/CMakeFiles/CMakeTmp'
make: *** [Makefile:140: cmTC_dd5d8/fast] Error 2


Source file was:
#include <pthread.h>

void* test_func(void* data)
{
  return data;
}

int main(void)
{
  pthread_t thread;
  pthread_create(&thread, NULL, test_func, NULL);
  pthread_detach(thread);
  pthread_cancel(thread);
  pthread_join(thread, NULL);
  pthread_atfork(NULL, NULL, NULL);
  pthread_exit(NULL);

  return 0;
}

Determining if the function pthread_create exists in the pthreads failed with the following output:
Change Dir: /home/taylon/Development/playground/glfw/rust/target/debug/build/glfw-sys-6474486613d7eda4/out/build/CMakeFiles/CMakeTmp

Run Build Command(s):/usr/bin/make cmTC_51d0b/fast && /usr/bin/make  -f CMakeFiles/cmTC_51d0b.dir/build.make CMakeFiles/cmTC_51d0b.dir/build
make[1]: Entering directory '/home/taylon/Development/playground/glfw/rust/target/debug/build/glfw-sys-6474486613d7eda4/out/build/CMakeFiles/CMakeTmp'
Building C object CMakeFiles/cmTC_51d0b.dir/CheckFunctionExists.c.o
/usr/bin/cc   -ffunction-sections -fdata-sections -fPIC -m64 -DCHECK_FUNCTION_EXISTS=pthread_create -o CMakeFiles/cmTC_51d0b.dir/CheckFunctionExists.c.o -c /usr/share/cmake-3.18/Modules/CheckFunctionExists.c
Linking C executable cmTC_51d0b
/usr/bin/cmake -E cmake_link_script CMakeFiles/cmTC_51d0b.dir/link.txt --verbose=1
/usr/bin/cc  -ffunction-sections -fdata-sections -fPIC -m64 -DCHECK_FUNCTION_EXISTS=pthread_create -rdynamic CMakeFiles/cmTC_51d0b.dir/CheckFunctionExists.c.o -o cmTC_51d0b  -lpthreads 
/usr/bin/ld: cannot find -lpthreads
collect2: error: ld returned 1 exit status
make[1]: *** [CMakeFiles/cmTC_51d0b.dir/build.make:106: cmTC_51d0b] Error 1
make[1]: Leaving directory '/home/taylon/Development/playground/glfw/rust/target/debug/build/glfw-sys-6474486613d7eda4/out/build/CMakeFiles/CMakeTmp'
make: *** [Makefile:140: cmTC_51d0b/fast] Error 2



